<?xml version="1.0" encoding="UTF-8"?>
<!-- Generated by org.testng.reporters.JUnitReportReporter -->
<testsuite skipped="0" hostname="ip-172-31-65-116" name="test1.LoginTest" tests="1" failures="0" timestamp="2021-07-04T18:27:27 UTC" time="5.939" errors="0">
  <testcase name="Login" time="5.939" classname="test1.LoginTest"/>
  <system-out/>
</testsuite> <!-- test1.LoginTest -->
