<?xml version="1.0" encoding="UTF-8"?>
<!-- Generated by org.testng.reporters.JUnitReportReporter -->
<testsuite skipped="0" hostname="ip-172-31-65-116" name="test.TestCase2" tests="3" failures="0" timestamp="2021-06-28T07:35:19 UTC" time="0.006" errors="0">
  <testcase name="Homepage" time="0.003" classname="test.TestCase2"/>
  <system-out/>
  <testcase name="Homepage2" time="0.001" classname="test.TestCase2"/>
  <system-out/>
  <testcase name="Homepage1" time="0.002" classname="test.TestCase2"/>
  <system-out/>
</testsuite> <!-- test.TestCase2 -->
