<?xml version="1.0" encoding="UTF-8"?>
<!-- Generated by org.testng.reporters.JUnitReportReporter -->
<testsuite skipped="0" hostname="ip-172-31-65-116" name="test1.TestCase3" tests="1" failures="0" timestamp="2021-06-28T07:35:19 UTC" time="0.004" errors="0">
  <testcase name="Checkoutpage" time="0.004" classname="test1.TestCase3"/>
  <system-out/>
</testsuite> <!-- test1.TestCase3 -->
