<?xml version="1.0" encoding="UTF-8"?>
<!-- Generated by org.testng.reporters.JUnitReportReporter -->
<testsuite skipped="0" hostname="ip-172-31-65-116" name="test.TestCase1" tests="3" failures="0" timestamp="2021-06-28T07:35:19 UTC" time="0.007" errors="0">
  <testcase name="RandomName" time="0.002" classname="test.TestCase1"/>
  <system-out/>
  <testcase name="LoginTest" time="0.003" classname="test.TestCase1"/>
  <system-out/>
  <testcase name="SignUpTest" time="0.002" classname="test.TestCase1"/>
  <system-out/>
</testsuite> <!-- test.TestCase1 -->
