<?xml version="1.0" encoding="UTF-8"?>
<!-- Generated by org.testng.reporters.JUnitReportReporter -->
<testsuite skipped="0" hostname="ip-172-31-65-116" name="ShoppingTest.AddToCart" tests="2" failures="0" timestamp="2021-07-04T20:40:06 UTC" time="0.807" errors="0">
  <testcase name="Login" time="0.479" classname="ShoppingTest.AddToCart"/>
  <system-out/>
  <testcase name="AddCart" time="0.328" classname="ShoppingTest.AddToCart"/>
  <system-out/>
</testsuite> <!-- ShoppingTest.AddToCart -->
